_=/usr/bin/env
ALLUSERSPROFILE=C:\ProgramData
APPDATA=C:\Users\a852389\AppData\Roaming
CHROME_CRASHPAD_PIPE_NAME=\\.\pipe\crashpad_19152_EBZQPBEWRFVAPRUO
COLORTERM=truecolor
CommonProgramFiles(x86)=C:\Program Files (x86)\Common Files
COMMONPROGRAMFILES=C:\Program Files\Common Files
CommonProgramW6432=C:\Program Files\Common Files
COMPUTERNAME=ECOP1-1JVG5Q2
COMSPEC=C:\Windows\system32\cmd.exe
CONFIG_SITE=/etc/config.site
COPILOT_DEBUG_NONCE=7b001dbc7eb7adaa494e6cc5400ebb1d
DriverData=C:\Windows\System32\Drivers\DriverData
EFC_11300_1262719628=1
EFC_11300_1592913036=1
EFC_11300_2283032206=1
EFC_11300_2775293581=1
EFC_11300_3789132940=1
EFC_11300_4126798990=0
GIT_ASKPASS=c:\Users\a852389\AppData\Roaming\Code\User\globalStorage\vscode.git\askpass\70789581cae28aa7\askpass.sh
HOME=/home/a852389
HOMEDRIVE=C:
HOMEPATH=\Users\a852389
HOSTNAME=ECOP1-1JVG5Q2
INFOPATH=/usr/local/info:/usr/share/info:/usr/info:/share/info
LANG=en_US.UTF-8
LOCALAPPDATA=C:\Users\a852389\AppData\Local
LOGONSERVER=\\ECOP1-1JVG5Q2
MANPATH=/usr/local/man:/usr/share/man:/usr/man:/share/man
MSYSTEM_CARCH=x86_64
MSYSTEM_CHOST=x86_64-pc-cygwin
MSYSTEM_PREFIX=/usr
MSYSTEM=MSYS
NEXTHINK=C:\Program Files\Nexthink\Collector
NUMBER_OF_PROCESSORS=8
OLDPWD=/c/sjur2k/CathodeAutopsy
OneDrive=C:\Users\a852389\OneDrive - Norsk Hydro ASA
OneDriveCommercial=C:\Users\a852389\OneDrive - Norsk Hydro ASA
ORIGINAL_PATH=/c/Windows/System32:/c/Windows:/c/Windows/System32/Wbem:/c/Windows/System32/WindowsPowerShell/v1.0/
ORIGINAL_TEMP=/c/Users/a852389/AppData/Local/Temp
ORIGINAL_TMP=/c/Users/a852389/AppData/Local/Temp
OS=Windows_NT
PATH=/usr/local/bin:/usr/bin:/bin:/opt/bin:/c/Windows/System32:/c/Windows:/c/Windows/System32/Wbem:/c/Windows/System32/WindowsPowerShell/v1.0/:/usr/bin/site_perl:/usr/bin/vendor_perl:/usr/bin/core_perl
PATHEXT=.COM;.EXE;.BAT;.CMD;.VBS;.VBE;.JS;.JSE;.WSF;.WSH;.MSC;.CPL
PKG_CONFIG_PATH=/usr/lib/pkgconfig:/usr/share/pkgconfig:/lib/pkgconfig
PRINTER=Microsoft Print to PDF
PROCESSOR_ARCHITECTURE=AMD64
PROCESSOR_IDENTIFIER=Intel64 Family 6 Model 142 Stepping 10, GenuineIntel
PROCESSOR_LEVEL=6
PROCESSOR_REVISION=8e0a
ProgramData=C:\ProgramData
ProgramFiles(x86)=C:\Program Files (x86)
PROGRAMFILES=C:\Program Files
ProgramW6432=C:\Program Files
PSModulePath=C:\Users\a852389\OneDrive - Norsk Hydro ASA\Documents\WindowsPowerShell\Modules;C:\Program Files\WindowsPowerShell\Modules;C:\Windows\system32\WindowsPowerShell\v1.0\Modules
PUBLIC=C:\Users\Public
PWD=/home/a852389
SESSIONNAME=Console
SHELL=/usr/bin/bash
SHLVL=1
SNOW_AGENT=C:\Program Files\Snow Software\Inventory\Agent\
SYSTEMDRIVE=C:
SYSTEMROOT=C:\Windows
TEMP=/tmp
TERM_PROGRAM_VERSION=1.126.0
TERM_PROGRAM=vscode
TERM=xterm-256color
TMP=/tmp
TZ=Europe/Oslo
USER=NHY+a852389
USERDNSDOMAIN=nhy.hydro.com
USERDOMAIN_ROAMINGPROFILE=NHY
USERDOMAIN=NHY
USERNAME=a852389
USERPROFILE=C:\Users\a852389
VSCODE_GIT_ASKPASS_EXTRA_ARGS=
VSCODE_GIT_ASKPASS_MAIN=c:\Users\a852389\AppData\Roaming\Code\User\globalStorage\vscode.git\askpass\70789581cae28aa7\askpass-main.js
VSCODE_GIT_ASKPASS_NODE=C:\Users\a852389\AppData\Local\Programs\Microsoft VS Code\Code.exe
VSCODE_GIT_IPC_HANDLE=\\.\pipe\vscode-git-cb71154597-sock
VSCODE_NONCE=56db9cb8-7e78-4812-a655-cc921f69a318
WINDIR=C:\Windows
ZES_ENABLE_SYSMAN=1
